<?xml version="1.0" encoding="UTF-8" ?>
<testsuite tests="3" failures="0" name="com.cybage.assignment.decassignment.AppTest" time="0.162" errors="0" skipped="0">
  <properties>
    <property name="java.runtime.name" value="Java(TM) SE Runtime Environment"/>
    <property name="sun.boot.library.path" value="c:\Program Files\Java\jdk1.8.0_11\jre\bin"/>
    <property name="java.vm.version" value="25.11-b03"/>
    <property name="java.vm.vendor" value="Oracle Corporation"/>
    <property name="java.vendor.url" value="http://java.oracle.com/"/>
    <property name="path.separator" value=";"/>
    <property name="java.vm.name" value="Java HotSpot(TM) 64-Bit Server VM"/>
    <property name="file.encoding.pkg" value="sun.io"/>
    <property name="user.script" value=""/>
    <property name="user.country" value="US"/>
    <property name="sun.java.launcher" value="SUN_STANDARD"/>
    <property name="sun.os.patch.level" value=""/>
    <property name="java.vm.specification.name" value="Java Virtual Machine Specification"/>
    <property name="user.dir" value="d:\work\git\SpringMVC"/>
    <property name="java.runtime.version" value="1.8.0_11-b12"/>
    <property name="java.awt.graphicsenv" value="sun.awt.Win32GraphicsEnvironment"/>
    <property name="basedir" value="d:\work\git\SpringMVC"/>
    <property name="java.endorsed.dirs" value="c:\Program Files\Java\jdk1.8.0_11\jre\lib\endorsed"/>
    <property name="os.arch" value="amd64"/>
    <property name="surefire.real.class.path" value="d:\work\git\SpringMVC\target\surefire\surefirebooter8061109942965877214.jar"/>
    <property name="java.io.tmpdir" value="C:\Users\jonesa\AppData\Local\Temp\"/>
    <property name="line.separator" value="
"/>
    <property name="java.vm.specification.vendor" value="Oracle Corporation"/>
    <property name="user.variant" value=""/>
    <property name="os.name" value="Windows 8.1"/>
    <property name="sun.jnu.encoding" value="Cp1252"/>
    <property name="java.library.path" value="c:\Program Files\Java\jdk1.8.0_11\jre\bin;C:\Windows\Sun\Java\bin;C:\Windows\system32;C:\Windows;c:\Users\jonesa\bin;.;C:\Program Files (x86)\Git\local\bin;C:\Program Files (x86)\Git\mingw\bin;C:\Program Files (x86)\Git\bin;c:\Program Files (x86)\Intel\iCLS Client\;c:\Program Files\Intel\iCLS Client\;c:\Windows\system32;c:\Windows;c:\Windows\System32\Wbem;c:\Windows\System32\WindowsPowerShell\v1.0\;c:\Program Files\Intel\Intel(R) Management Engine Components\DAL;c:\Program Files\Intel\Intel(R) Management Engine Components\IPT;c:\Program Files (x86)\Intel\Intel(R) Management Engine Components\DAL;c:\Program Files (x86)\Intel\Intel(R) Management Engine Components\IPT;d:\softwares\apache-maven-3.0.3\bin;d:\softwares\apache-maven-3.0.3\bin;c:\Program Files (x86)\MySQL\MySQL Server 5.1\bin;c:\Program Files\nodejs;c:\Program Files\nodejs\;c:\Program Files (x86)\MySQL\MySQL Utilities 1.4.3\;c:\Program Files (x86)\MySQL\MySQL Utilities 1.4.3\Doctrine extensions for PHP\;c:\Program Files\Perforce;c:\Program Files\Java\jdk1.8.0_11\bin;c:\bin;c:\wamp\bin\php\php5.4.12;d:\softwares\usr\local\wbin\shar.exe;d:\softwares\apache-ant-1.8.2\bin;c:\Users\jonesa\AppData\Roaming\npm;c:\Program Files\nodejs\;d:\softwares\sonar-runner-2.4\bin;d:\softwares\junit\junit-4.10.jar;c:\Program Files\Perforce\Server;."/>
    <property name="surefire.test.class.path" value="d:\work\git\SpringMVC\target\test-classes;d:\work\git\SpringMVC\target\generated-classes\cobertura;C:\Users\jonesa\.m2\repository\org\springframework\spring-core\3.0.5.RELEASE\spring-core-3.0.5.RELEASE.jar;C:\Users\jonesa\.m2\repository\org\springframework\spring-asm\3.0.5.RELEASE\spring-asm-3.0.5.RELEASE.jar;C:\Users\jonesa\.m2\repository\commons-logging\commons-logging\1.1.1\commons-logging-1.1.1.jar;C:\Users\jonesa\.m2\repository\junit\junit\4.5\junit-4.5.jar;C:\Users\jonesa\.m2\repository\org\mockito\mockito-all\1.8.5\mockito-all-1.8.5.jar;C:\Users\jonesa\.m2\repository\net\sourceforge\cobertura\cobertura\1.9\cobertura-1.9.jar;C:\Users\jonesa\.m2\repository\org\apache\ant\ant\1.7.0\ant-1.7.0.jar;C:\Users\jonesa\.m2\repository\org\apache\ant\ant-launcher\1.7.0\ant-launcher-1.7.0.jar;C:\Users\jonesa\.m2\repository\org\springframework\spring-web\3.0.5.RELEASE\spring-web-3.0.5.RELEASE.jar;C:\Users\jonesa\.m2\repository\aopalliance\aopalliance\1.0\aopalliance-1.0.jar;C:\Users\jonesa\.m2\repository\org\springframework\spring-beans\3.0.5.RELEASE\spring-beans-3.0.5.RELEASE.jar;C:\Users\jonesa\.m2\repository\org\springframework\spring-context\3.0.5.RELEASE\spring-context-3.0.5.RELEASE.jar;C:\Users\jonesa\.m2\repository\org\springframework\spring-aop\3.0.5.RELEASE\spring-aop-3.0.5.RELEASE.jar;C:\Users\jonesa\.m2\repository\org\springframework\spring-webmvc\3.0.5.RELEASE\spring-webmvc-3.0.5.RELEASE.jar;C:\Users\jonesa\.m2\repository\org\springframework\spring-context-support\3.0.5.RELEASE\spring-context-support-3.0.5.RELEASE.jar;C:\Users\jonesa\.m2\repository\org\springframework\spring-expression\3.0.5.RELEASE\spring-expression-3.0.5.RELEASE.jar;"/>
    <property name="java.specification.name" value="Java Platform API Specification"/>
    <property name="java.class.version" value="52.0"/>
    <property name="sun.management.compiler" value="HotSpot 64-Bit Tiered Compilers"/>
    <property name="os.version" value="6.3"/>
    <property name="user.home" value="C:\Users\jonesa"/>
    <property name="user.timezone" value="Asia/Calcutta"/>
    <property name="java.awt.printerjob" value="sun.awt.windows.WPrinterJob"/>
    <property name="java.specification.version" value="1.8"/>
    <property name="file.encoding" value="Cp1252"/>
    <property name="user.name" value="jonesa"/>
    <property name="java.class.path" value="d:\work\git\SpringMVC\target\test-classes;d:\work\git\SpringMVC\target\generated-classes\cobertura;C:\Users\jonesa\.m2\repository\org\springframework\spring-core\3.0.5.RELEASE\spring-core-3.0.5.RELEASE.jar;C:\Users\jonesa\.m2\repository\org\springframework\spring-asm\3.0.5.RELEASE\spring-asm-3.0.5.RELEASE.jar;C:\Users\jonesa\.m2\repository\commons-logging\commons-logging\1.1.1\commons-logging-1.1.1.jar;C:\Users\jonesa\.m2\repository\junit\junit\4.5\junit-4.5.jar;C:\Users\jonesa\.m2\repository\org\mockito\mockito-all\1.8.5\mockito-all-1.8.5.jar;C:\Users\jonesa\.m2\repository\net\sourceforge\cobertura\cobertura\1.9\cobertura-1.9.jar;C:\Users\jonesa\.m2\repository\org\apache\ant\ant\1.7.0\ant-1.7.0.jar;C:\Users\jonesa\.m2\repository\org\apache\ant\ant-launcher\1.7.0\ant-launcher-1.7.0.jar;C:\Users\jonesa\.m2\repository\org\springframework\spring-web\3.0.5.RELEASE\spring-web-3.0.5.RELEASE.jar;C:\Users\jonesa\.m2\repository\aopalliance\aopalliance\1.0\aopalliance-1.0.jar;C:\Users\jonesa\.m2\repository\org\springframework\spring-beans\3.0.5.RELEASE\spring-beans-3.0.5.RELEASE.jar;C:\Users\jonesa\.m2\repository\org\springframework\spring-context\3.0.5.RELEASE\spring-context-3.0.5.RELEASE.jar;C:\Users\jonesa\.m2\repository\org\springframework\spring-aop\3.0.5.RELEASE\spring-aop-3.0.5.RELEASE.jar;C:\Users\jonesa\.m2\repository\org\springframework\spring-webmvc\3.0.5.RELEASE\spring-webmvc-3.0.5.RELEASE.jar;C:\Users\jonesa\.m2\repository\org\springframework\spring-context-support\3.0.5.RELEASE\spring-context-support-3.0.5.RELEASE.jar;C:\Users\jonesa\.m2\repository\org\springframework\spring-expression\3.0.5.RELEASE\spring-expression-3.0.5.RELEASE.jar;"/>
    <property name="java.vm.specification.version" value="1.8"/>
    <property name="sun.arch.data.model" value="64"/>
    <property name="java.home" value="c:\Program Files\Java\jdk1.8.0_11\jre"/>
    <property name="sun.java.command" value="d:\work\git\SpringMVC\target\surefire\surefirebooter8061109942965877214.jar d:\work\git\SpringMVC\target\surefire\surefire112598610850807285tmp d:\work\git\SpringMVC\target\surefire\surefire5367120095654035977tmp"/>
    <property name="java.specification.vendor" value="Oracle Corporation"/>
    <property name="user.language" value="en"/>
    <property name="awt.toolkit" value="sun.awt.windows.WToolkit"/>
    <property name="java.vm.info" value="mixed mode"/>
    <property name="java.version" value="1.8.0_11"/>
    <property name="java.ext.dirs" value="c:\Program Files\Java\jdk1.8.0_11\jre\lib\ext;C:\Windows\Sun\Java\lib\ext"/>
    <property name="sun.boot.class.path" value="c:\Program Files\Java\jdk1.8.0_11\jre\lib\resources.jar;c:\Program Files\Java\jdk1.8.0_11\jre\lib\rt.jar;c:\Program Files\Java\jdk1.8.0_11\jre\lib\sunrsasign.jar;c:\Program Files\Java\jdk1.8.0_11\jre\lib\jsse.jar;c:\Program Files\Java\jdk1.8.0_11\jre\lib\jce.jar;c:\Program Files\Java\jdk1.8.0_11\jre\lib\charsets.jar;c:\Program Files\Java\jdk1.8.0_11\jre\lib\jfr.jar;c:\Program Files\Java\jdk1.8.0_11\jre\classes"/>
    <property name="java.vendor" value="Oracle Corporation"/>
    <property name="localRepository" value="C:\Users\jonesa\.m2\repository"/>
    <property name="file.separator" value="\"/>
    <property name="java.vendor.url.bug" value="http://bugreport.sun.com/bugreport/"/>
    <property name="sun.cpu.endian" value="little"/>
    <property name="sun.io.unicode.encoding" value="UnicodeLittle"/>
    <property name="sun.desktop" value="windows"/>
    <property name="sun.cpu.isalist" value="amd64"/>
  </properties>
  <testcase classname="com.cybage.assignment.decassignment.AppTest" name="testController" time="0.131"/>
  <testcase classname="com.cybage.assignment.decassignment.AppTest" name="testEmployeeDetails" time="0"/>
  <testcase classname="com.cybage.assignment.decassignment.AppTest" name="testEmpBusinessLogic" time="0"/>
</testsuite>